# JRE version: OpenJDK Runtime Environment Zulu16.32+15-CA (16.0.2+7) (build 16.0.2+7)
# Java VM: OpenJDK 64-Bit Server VM Zulu16.32+15-CA (16.0.2+7, mixed mode, tiered, compressed oops, compressed class ptrs, g1 gc, bsd-aarch64)
GC Precious Log:
 CPUs: 8 total, 8 available
 Memory: 16384M
 Large Page Support: Disabled
 NUMA Support: Disabled
 Compressed Oops: Enabled (Zero based)
 Heap Region Size: 2M
 Heap Min Capacity: 8M
 Heap Initial Capacity: 256M
 Heap Max Capacity: 4G
 Pre-touch: Disabled
 Parallel Workers: 8
 Concurrent Workers: 2
 Concurrent Refinement Workers: 8
 Periodic GC: Disabled
Heap:
 garbage-first heap   total 90112K, used 37460K [0x00000006c0000000, 0x00000007c0000000)
  region size 2048K, 8 young (16384K), 1 survivors (2048K)
 Metaspace       used 49444K, committed 49856K, reserved 1097728K
  class space    used 5827K, committed 6016K, reserved 1048576K
GC Heap History (20 events):
Event: 0.422 GC heap before
{Heap before GC invocations=0 (full 0):
 garbage-first heap   total 262144K, used 20480K [0x00000006c0000000, 0x00000007c0000000)
  region size 2048K, 11 young (22528K), 0 survivors (0K)
 Metaspace       used 10310K, committed 10496K, reserved 1064960K
  class space    used 1016K, committed 1088K, reserved 1048576K
}
Event: 0.431 GC heap after
{Heap after GC invocations=1 (full 0):
 garbage-first heap   total 262144K, used 7223K [0x00000006c0000000, 0x00000007c0000000)
  region size 2048K, 2 young (4096K), 2 survivors (4096K)
 Metaspace       used 10310K, committed 10496K, reserved 1064960K
  class space    used 1016K, committed 1088K, reserved 1048576K
}
Event: 0.706 GC heap before
{Heap before GC invocations=1 (full 0):
 garbage-first heap   total 262144K, used 31799K [0x00000006c0000000, 0x00000007c0000000)
  region size 2048K, 14 young (28672K), 2 survivors (4096K)
 Metaspace       used 16236K, committed 16512K, reserved 1064960K
  class space    used 1729K, committed 1856K, reserved 1048576K
}
Event: 0.709 GC heap after
{Heap after GC invocations=2 (full 0):
 garbage-first heap   total 262144K, used 9141K [0x00000006c0000000, 0x00000007c0000000)
  region size 2048K, 1 young (2048K), 1 survivors (2048K)
 Metaspace       used 16236K, committed 16512K, reserved 1064960K
  class space    used 1729K, committed 1856K, reserved 1048576K
}
Event: 0.873 GC heap before
{Heap before GC invocations=2 (full 0):
 garbage-first heap   total 262144K, used 29621K [0x00000006c0000000, 0x00000007c0000000)
  region size 2048K, 13 young (26624K), 1 survivors (2048K)
 Metaspace       used 21013K, committed 21248K, reserved 1073152K
  class space    used 2243K, committed 2368K, reserved 1048576K
}
Event: 0.875 GC heap after
{Heap after GC invocations=3 (full 0):
 garbage-first heap   total 262144K, used 11232K [0x00000006c0000000, 0x00000007c0000000)
  region size 2048K, 2 young (4096K), 2 survivors (4096K)
 Metaspace       used 21013K, committed 21248K, reserved 1073152K
  class space    used 2243K, committed 2368K, reserved 1048576K
}
Event: 1.018 GC heap before
{Heap before GC invocations=4 (full 0):
 garbage-first heap   total 49152K, used 48096K [0x00000006c0000000, 0x00000007c0000000)
  region size 2048K, 18 young (36864K), 2 survivors (4096K)
 Metaspace       used 24266K, committed 24576K, reserved 1073152K
  class space    used 2527K, committed 2688K, reserved 1048576K
}
Event: 1.022 GC heap after
{Heap after GC invocations=5 (full 0):
 garbage-first heap   total 57344K, used 14067K [0x00000006c0000000, 0x00000007c0000000)
  region size 2048K, 4 young (8192K), 4 survivors (8192K)
 Metaspace       used 24266K, committed 24576K, reserved 1073152K
  class space    used 2527K, committed 2688K, reserved 1048576K
}
Event: 1.191 GC heap before
{Heap before GC invocations=5 (full 0):
 garbage-first heap   total 57344K, used 34547K [0x00000006c0000000, 0x00000007c0000000)
  region size 2048K, 14 young (28672K), 4 survivors (8192K)
 Metaspace       used 27621K, committed 27968K, reserved 1081344K
  class space    used 3032K, committed 3200K, reserved 1048576K
}
Event: 1.195 GC heap after
{Heap after GC invocations=6 (full 0):
 garbage-first heap   total 57344K, used 16188K [0x00000006c0000000, 0x00000007c0000000)
  region size 2048K, 2 young (4096K), 2 survivors (4096K)
 Metaspace       used 27621K, committed 27968K, reserved 1081344K
  class space    used 3032K, committed 3200K, reserved 1048576K
}
Event: 1.285 GC heap before
{Heap before GC invocations=6 (full 0):
 garbage-first heap   total 57344K, used 34620K [0x00000006c0000000, 0x00000007c0000000)
  region size 2048K, 12 young (24576K), 2 survivors (4096K)
 Metaspace       used 31344K, committed 31744K, reserved 1081344K
  class space    used 3573K, committed 3776K, reserved 1048576K
}
Event: 1.288 GC heap after
{Heap after GC invocations=7 (full 0):
 garbage-first heap   total 159744K, used 17017K [0x00000006c0000000, 0x00000007c0000000)
  region size 2048K, 1 young (2048K), 1 survivors (2048K)
 Metaspace       used 31344K, committed 31744K, reserved 1081344K
  class space    used 3573K, committed 3776K, reserved 1048576K
}
Event: 1.394 GC heap before
{Heap before GC invocations=7 (full 0):
 garbage-first heap   total 159744K, used 74361K [0x00000006c0000000, 0x00000007c0000000)
  region size 2048K, 31 young (63488K), 1 survivors (2048K)
 Metaspace       used 35175K, committed 35520K, reserved 1081344K
  class space    used 4046K, committed 4224K, reserved 1048576K
}
Event: 1.397 GC heap after
{Heap after GC invocations=8 (full 0):
 garbage-first heap   total 159744K, used 18368K [0x00000006c0000000, 0x00000007c0000000)
  region size 2048K, 2 young (4096K), 2 survivors (4096K)
 Metaspace       used 35175K, committed 35520K, reserved 1081344K
  class space    used 4046K, committed 4224K, reserved 1048576K
}
Event: 1.755 GC heap before
{Heap before GC invocations=9 (full 0):
 garbage-first heap   total 90112K, used 67520K [0x00000006c0000000, 0x00000007c0000000)
  region size 2048K, 26 young (53248K), 2 survivors (4096K)
 Metaspace       used 41177K, committed 41600K, reserved 1089536K
  class space    used 4845K, committed 5056K, reserved 1048576K
}
Event: 1.760 GC heap after
{Heap after GC invocations=10 (full 0):
 garbage-first heap   total 90112K, used 20311K [0x00000006c0000000, 0x00000007c0000000)
  region size 2048K, 3 young (6144K), 3 survivors (6144K)
 Metaspace       used 41177K, committed 41600K, reserved 1089536K
  class space    used 4845K, committed 5056K, reserved 1048576K
}
Event: 2.124 GC heap before
{Heap before GC invocations=10 (full 0):
 garbage-first heap   total 90112K, used 65367K [0x00000006c0000000, 0x00000007c0000000)
  region size 2048K, 25 young (51200K), 3 survivors (6144K)
 Metaspace       used 47188K, committed 47680K, reserved 1097728K
  class space    used 5587K, committed 5824K, reserved 1048576K
}
Event: 2.130 GC heap after
{Heap after GC invocations=11 (full 0):
 garbage-first heap   total 90112K, used 24346K [0x00000006c0000000, 0x00000007c0000000)
  region size 2048K, 4 young (8192K), 4 survivors (8192K)
 Metaspace       used 47188K, committed 47680K, reserved 1097728K
  class space    used 5587K, committed 5824K, reserved 1048576K
}
Event: 2.137 GC heap before
{Heap before GC invocations=11 (full 0):
 garbage-first heap   total 90112K, used 63258K [0x00000006c0000000, 0x00000007c0000000)
  region size 2048K, 24 young (49152K), 4 survivors (8192K)
 Metaspace       used 47198K, committed 47680K, reserved 1097728K
  class space    used 5587K, committed 5824K, reserved 1048576K
}
Event: 2.143 GC heap after
{Heap after GC invocations=12 (full 0):
 garbage-first heap   total 90112K, used 25172K [0x00000006c0000000, 0x00000007c0000000)
  region size 2048K, 1 young (2048K), 1 survivors (2048K)
 Metaspace       used 47198K, committed 47680K, reserved 1097728K
  class space    used 5587K, committed 5824K, reserved 1048576K
}

